[debug] [2023-02-09T08:55:52.640Z] ----------------------------------------------------------------------
[debug] [2023-02-09T08:55:52.642Z] Command:       C:\Program Files\nodejs\node.exe C:\Users\shima\AppData\Roaming\npm\node_modules\firebase-tools\lib\bin\firebase.js init
[debug] [2023-02-09T08:55:52.643Z] CLI Version:   11.22.0
[debug] [2023-02-09T08:55:52.643Z] Platform:      win32
[debug] [2023-02-09T08:55:52.643Z] Node Version:  v18.14.0
[debug] [2023-02-09T08:55:52.644Z] Time:          Thu Feb 09 2023 16:55:52 GMT+0800 (Singapore Standard Time)
[debug] [2023-02-09T08:55:52.645Z] ----------------------------------------------------------------------
[debug] 
[debug] [2023-02-09T08:55:52.654Z] > command requires scopes: ["email","openid","https://www.googleapis.com/auth/cloudplatformprojects.readonly","https://www.googleapis.com/auth/firebase","https://www.googleapis.com/auth/cloud-platform"]
[debug] [2023-02-09T08:55:52.655Z] > authorizing via signed-in user (nadiatushimanordin@gmail.com)
[info] 
     ######## #### ########  ######## ########     ###     ######  ########
     ##        ##  ##     ## ##       ##     ##  ##   ##  ##       ##
     ######    ##  ########  ######   ########  #########  ######  ######
     ##        ##  ##    ##  ##       ##     ## ##     ##       ## ##
     ##       #### ##     ## ######## ########  ##     ##  ######  ########

You're about to initialize a Firebase project in this directory:

  D:\Assessment

[info] 
=== Project Setup
[info] 
[info] First, let's associate this project directory with a Firebase project.
[info] You can create multiple project aliases by running firebase use --add, 
[info] but for now we'll just set up a default project.
[info] 
[debug] [2023-02-09T08:57:28.353Z] >>> [apiv2][query] GET https://firebase.googleapis.com/v1beta1/projects pageSize=100
[debug] [2023-02-09T08:57:29.491Z] <<< [apiv2][status] GET https://firebase.googleapis.com/v1beta1/projects 200
[debug] [2023-02-09T08:57:29.491Z] <<< [apiv2][body] GET https://firebase.googleapis.com/v1beta1/projects [omitted]
[info] i  Using project unitybankwebapp (UnityBankWebApp) 
[info] 
=== Hosting Setup
[info] 
[info] Your public directory is the folder (relative to your project directory) that
[info] will contain Hosting assets to be uploaded with firebase deploy. If you
[info] have a build process for your assets, use your build's output directory.
[info] 
[debug] [2023-02-09T08:58:45.023Z] >>> [apiv2][query] GET https://www.gstatic.com/firebasejs/releases.json [none]
[debug] [2023-02-09T08:58:45.798Z] <<< [apiv2][status] GET https://www.gstatic.com/firebasejs/releases.json 200
[debug] [2023-02-09T08:58:45.799Z] <<< [apiv2][body] GET https://www.gstatic.com/firebasejs/releases.json {"current":{"version":"9.17.1","browserURL":"https://www.gstatic.com/firebasejs/9.17.1/firebase.js","packageURL":"https://www.gstatic.com/firebasejs/9.17.1/firebase.tgz"},"live":{"version":"9.17","browserURL":"https://www.gstatic.com/firebasejs/live/9.17/firebase.js","packageURL":"https://www.gstatic.com/firebasejs/live/9.17/firebase.tgz"},"components":{"analytics":"https://www.gstatic.com/firebasejs/9.17.1/firebase-analytics.js","app":"https://www.gstatic.com/firebasejs/9.17.1/firebase-app.js","app-check":"https://www.gstatic.com/firebasejs/9.17.1/firebase-app-check.js","auth":"https://www.gstatic.com/firebasejs/9.17.1/firebase-auth.js","auth/cordova":"https://www.gstatic.com/firebasejs/9.17.1/firebase-auth/cordova.js","auth/react-native":"https://www.gstatic.com/firebasejs/9.17.1/firebase-auth/react-native.js","functions":"https://www.gstatic.com/firebasejs/9.17.1/firebase-functions.js","firestore":"https://www.gstatic.com/firebasejs/9.17.1/firebase-firestore.js","firestore/lite":"https://www.gstatic.com/firebasejs/9.17.1/firebase-firestore/lite.js","installations":"https://www.gstatic.com/firebasejs/9.17.1/firebase-installations.js","storage":"https://www.gstatic.com/firebasejs/9.17.1/firebase-storage.js","performance":"https://www.gstatic.com/firebasejs/9.17.1/firebase-performance.js","remote-config":"https://www.gstatic.com/firebasejs/9.17.1/firebase-remote-config.js","messaging":"https://www.gstatic.com/firebasejs/9.17.1/firebase-messaging.js","messaging/sw":"https://www.gstatic.com/firebasejs/9.17.1/firebase-messaging/sw.js","database":"https://www.gstatic.com/firebasejs/9.17.1/firebase-database.js","firestore.memory":"https://www.gstatic.com/firebasejs/9.17.1/firebase-firestore.memory.js"}}
[info] +  Wrote dist/index.html 
[info] 
[info] i  Detected a .git folder at D:\Assessment 
[info] i  Authorizing with GitHub to upload your service account to a GitHub repository's secrets store. 
[info] 
[info] Visit this URL on this device to log in:
[info] https://github.com/login/oauth/authorize?client_id=89cf50f02ac6aaed3484&state=633223647&redirect_uri=http%3A%2F%2Flocalhost%3A9005&scope=read%3Auser%20repo%20public_repo
[info] 
[info] Waiting for authentication...
[debug] [2023-02-09T09:00:07.832Z] >>> [apiv2][query] POST https://github.com/login/oauth/access_token [none]
[debug] [2023-02-09T09:00:07.832Z] >>> [apiv2][body] POST https://github.com/login/oauth/access_token [stream]
[debug] [2023-02-09T09:00:08.520Z] <<< [apiv2][status] POST https://github.com/login/oauth/access_token 200
[debug] [2023-02-09T09:00:08.520Z] <<< [apiv2][body] POST https://github.com/login/oauth/access_token {"access_token":"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","token_type":"bearer","scope":"read:user,repo"}
[debug] [2023-02-09T09:00:08.532Z] >>> [apiv2][query] GET https://api.github.com/user [none]
[debug] [2023-02-09T09:00:09.482Z] <<< [apiv2][status] GET https://api.github.com/user 200
[debug] [2023-02-09T09:00:09.483Z] <<< [apiv2][body] GET https://api.github.com/user {"login":"Nadiatushima","id":37792477,"node_id":"MDQ6VXNlcjM3NzkyNDc3","avatar_url":"https://avatars.githubusercontent.com/u/37792477?v=4","gravatar_id":"","url":"https://api.github.com/users/Nadiatushima","html_url":"https://github.com/Nadiatushima","followers_url":"https://api.github.com/users/Nadiatushima/followers","following_url":"https://api.github.com/users/Nadiatushima/following{/other_user}","gists_url":"https://api.github.com/users/Nadiatushima/gists{/gist_id}","starred_url":"https://api.github.com/users/Nadiatushima/starred{/owner}{/repo}","subscriptions_url":"https://api.github.com/users/Nadiatushima/subscriptions","organizations_url":"https://api.github.com/users/Nadiatushima/orgs","repos_url":"https://api.github.com/users/Nadiatushima/repos","events_url":"https://api.github.com/users/Nadiatushima/events{/privacy}","received_events_url":"https://api.github.com/users/Nadiatushima/received_events","type":"User","site_admin":false,"name":null,"company":null,"blog":"","location":null,"email":null,"hireable":null,"bio":null,"twitter_username":null,"public_repos":0,"public_gists":0,"followers":0,"following":0,"created_at":"2018-03-26T06:47:09Z","updated_at":"2023-02-09T08:59:54Z","private_gists":0,"total_private_repos":0,"owned_private_repos":0,"disk_usage":0,"collaborators":0,"two_factor_authentication":false,"plan":{"name":"free","space":976562499,"collaborators":0,"private_repos":10000}}
[info] 
[info] +  Success! Logged into GitHub as Nadiatushima 
[info] 
[debug] [2023-02-09T09:00:49.904Z] >>> [apiv2][query] GET https://api.github.com/repos/repository/actions/secrets/public-key type=owner
[debug] [2023-02-09T09:00:50.438Z] <<< [apiv2][status] GET https://api.github.com/repos/repository/actions/secrets/public-key 404
[debug] [2023-02-09T09:00:50.439Z] <<< [apiv2][body] GET https://api.github.com/repos/repository/actions/secrets/public-key {"message":"Not Found","documentation_url":"https://docs.github.com/rest"}
[debug] [2023-02-09T09:00:59.282Z] >>> [apiv2][query] GET https://api.github.com/repos/repository/actions/secrets/public-key type=owner
[debug] [2023-02-09T09:00:59.884Z] <<< [apiv2][status] GET https://api.github.com/repos/repository/actions/secrets/public-key 404
[debug] [2023-02-09T09:00:59.884Z] <<< [apiv2][body] GET https://api.github.com/repos/repository/actions/secrets/public-key {"message":"Not Found","documentation_url":"https://docs.github.com/rest"}
[debug] [2023-02-09T09:01:09.686Z] >>> [apiv2][query] GET https://api.github.com/repos/user/actions/secrets/public-key type=owner
[debug] [2023-02-09T09:01:10.284Z] <<< [apiv2][status] GET https://api.github.com/repos/user/actions/secrets/public-key 404
[debug] [2023-02-09T09:01:10.284Z] <<< [apiv2][body] GET https://api.github.com/repos/user/actions/secrets/public-key {"message":"Not Found","documentation_url":"https://docs.github.com/rest"}
[debug] [2023-02-09T09:01:13.987Z] >>> [apiv2][query] GET https://api.github.com/repos/user/actions/secrets/public-key type=owner
[debug] [2023-02-09T09:01:14.602Z] <<< [apiv2][status] GET https://api.github.com/repos/user/actions/secrets/public-key 404
[debug] [2023-02-09T09:01:14.602Z] <<< [apiv2][body] GET https://api.github.com/repos/user/actions/secrets/public-key {"message":"Not Found","documentation_url":"https://docs.github.com/rest"}
